2023-09-05 20:09:18,268 laptop-p3hp7of8 musical-instrument-dev.jar[8708] INFO  [io.quarkus] (Quarkus Main Thread) musical-instrument 1.0.0-SNAPSHOT on JVM (powered by Quarkus 3.2.4.Final) started in 0.761s. Listening on: http://localhost:8080
2023-09-05 20:09:18,270 laptop-p3hp7of8 musical-instrument-dev.jar[8708] INFO  [io.quarkus] (Quarkus Main Thread) Profile dev activated. Live Coding activated.
2023-09-05 20:09:18,271 laptop-p3hp7of8 musical-instrument-dev.jar[8708] INFO  [io.quarkus] (Quarkus Main Thread) Installed features: [agroal, cdi, hibernate-orm, hibernate-orm-panache, jdbc-postgresql, narayana-jta, reactive-routes, rest-client, resteasy, resteasy-jsonb, resteasy-multipart, security, smallrye-context-propagation, smallrye-jwt, vertx]
2023-09-05 20:09:18,272 laptop-p3hp7of8 musical-instrument-dev.jar[8708] INFO  [io.qua.dep.dev.RuntimeUpdatesProcessor] (vert.x-worker-thread-1) Live reload total time: 1.885s 
2023-09-05 22:01:05,948 laptop-p3hp7of8 musical-instrument-dev.jar[8708] ERROR [io.qua.ver.htt.run.QuarkusErrorHandler] (executor-thread-1) HTTP Request to /api/cart/account/1 failed, error id: 4a014009-bb85-4ee2-8a2b-d928adacbbeb-4: org.jboss.resteasy.spi.UnhandledException: jakarta.persistence.NoResultException: No result found for query [FROM com.thesis.business.musicinstrument.cart.Cart WHERE account.id = ?1]
	at org.jboss.resteasy.core.ExceptionHandler.handleApplicationException(ExceptionHandler.java:107)
	at org.jboss.resteasy.core.ExceptionHandler.handleException(ExceptionHandler.java:344)
	at org.jboss.resteasy.core.SynchronousDispatcher.writeException(SynchronousDispatcher.java:205)
	at org.jboss.resteasy.core.SynchronousDispatcher.invoke(SynchronousDispatcher.java:452)
	at org.jboss.resteasy.core.SynchronousDispatcher.lambda$invoke$4(SynchronousDispatcher.java:240)
	at org.jboss.resteasy.core.SynchronousDispatcher.lambda$preprocess$0(SynchronousDispatcher.java:154)
	at org.jboss.resteasy.core.interception.jaxrs.PreMatchContainerRequestContext.filter(PreMatchContainerRequestContext.java:321)
	at org.jboss.resteasy.core.SynchronousDispatcher.preprocess(SynchronousDispatcher.java:157)
	at org.jboss.resteasy.core.SynchronousDispatcher.invoke(SynchronousDispatcher.java:229)
	at io.quarkus.resteasy.runtime.standalone.RequestDispatcher.service(RequestDispatcher.java:82)
	at io.quarkus.resteasy.runtime.standalone.VertxRequestHandler.dispatch(VertxRequestHandler.java:147)
	at io.quarkus.resteasy.runtime.standalone.VertxRequestHandler$1.run(VertxRequestHandler.java:93)
	at io.quarkus.vertx.core.runtime.VertxCoreRecorder$14.runWith(VertxCoreRecorder.java:576)
	at org.jboss.threads.EnhancedQueueExecutor$Task.run(EnhancedQueueExecutor.java:2513)
	at org.jboss.threads.EnhancedQueueExecutor$ThreadBody.run(EnhancedQueueExecutor.java:1538)
	at org.jboss.threads.DelegatingRunnable.run(DelegatingRunnable.java:29)
	at org.jboss.threads.ThreadLocalResettingRunnable.run(ThreadLocalResettingRunnable.java:29)
	at io.netty.util.concurrent.FastThreadLocalRunnable.run(FastThreadLocalRunnable.java:30)
	at java.base/java.lang.Thread.run(Thread.java:833)
Caused by: jakarta.persistence.NoResultException: No result found for query [FROM com.thesis.business.musicinstrument.cart.Cart WHERE account.id = ?1]
	at org.hibernate.query.spi.AbstractSelectionQuery.getSingleResult(AbstractSelectionQuery.java:476)
	at io.quarkus.hibernate.orm.panache.common.runtime.CommonPanacheQueryImpl.singleResult(CommonPanacheQueryImpl.java:309)
	at io.quarkus.hibernate.orm.panache.runtime.PanacheQueryImpl.singleResult(PanacheQueryImpl.java:169)
	at com.thesis.business.musicinstrument.cart.CartService.findByAccountId(CartService.java:52)
	at com.thesis.business.musicinstrument.cart.CartService_ClientProxy.findByAccountId(Unknown Source)
	at com.thesis.business.musicinstrument.cart.CartResource.findByAccountId(CartResource.java:59)
	at jdk.internal.reflect.GeneratedMethodAccessor169.invoke(Unknown Source)
	at java.base/jdk.internal.reflect.DelegatingMethodAccessorImpl.invoke(DelegatingMethodAccessorImpl.java:43)
	at java.base/java.lang.reflect.Method.invoke(Method.java:568)
	at org.jboss.resteasy.core.MethodInjectorImpl.invoke(MethodInjectorImpl.java:154)
	at org.jboss.resteasy.core.MethodInjectorImpl.invoke(MethodInjectorImpl.java:118)
	at org.jboss.resteasy.core.ResourceMethodInvoker.internalInvokeOnTarget(ResourceMethodInvoker.java:560)
	at org.jboss.resteasy.core.ResourceMethodInvoker.invokeOnTargetAfterFilter(ResourceMethodInvoker.java:452)
	at org.jboss.resteasy.core.ResourceMethodInvoker.lambda$invokeOnTarget$2(ResourceMethodInvoker.java:413)
	at org.jboss.resteasy.core.interception.jaxrs.PreMatchContainerRequestContext.filter(PreMatchContainerRequestContext.java:321)
	at org.jboss.resteasy.core.ResourceMethodInvoker.invokeOnTarget(ResourceMethodInvoker.java:415)
	at org.jboss.resteasy.core.ResourceMethodInvoker.invoke(ResourceMethodInvoker.java:378)
	at org.jboss.resteasy.core.ResourceMethodInvoker.invoke(ResourceMethodInvoker.java:356)
	at org.jboss.resteasy.core.ResourceMethodInvoker.invoke(ResourceMethodInvoker.java:70)
	at org.jboss.resteasy.core.SynchronousDispatcher.invoke(SynchronousDispatcher.java:429)
	... 15 more

2023-09-05 22:01:28,554 laptop-p3hp7of8 musical-instrument-dev.jar[8708] WARNING [org.aes.rea.ter.imp.AbstractWindowsTerminal] (Shutdown thread) Failed to write out.
2023-09-05 22:01:28,549 laptop-p3hp7of8 musical-instrument-dev.jar[8708] INFO  [io.quarkus] (Shutdown thread) musical-instrument stopped in 0.041s
